# JRE version: OpenJDK Runtime Environment (11.0.2+9) (build 11.0.2+9)
# Java VM: OpenJDK 64-Bit Server VM (11.0.2+9, mixed mode, tiered, compressed oops, g1 gc, windows-amd64)
Heap:
 garbage-first heap   total 201728K, used 100287K [0x00000000b0800000, 0x0000000100000000)
  region size 1024K, 48 young (49152K), 7 survivors (7168K)
 Metaspace       used 69532K, capacity 72733K, committed 72972K, reserved 1112064K
  class space    used 9208K, capacity 10575K, committed 10684K, reserved 1048576K
GC Heap History (10 events):
Event: 24.358 GC heap before
{Heap before GC invocations=21 (full 0):
 garbage-first heap   total 118784K, used 92655K [0x00000000b0800000, 0x0000000100000000)
  region size 1024K, 46 young (47104K), 4 survivors (4096K)
 Metaspace       used 64896K, capacity 67705K, committed 67980K, reserved 1107968K
  class space    used 8802K, capacity 10013K, committed 10044K, reserved 1048576K
}
Event: 24.377 GC heap after
{Heap after GC invocations=22 (full 0):
 garbage-first heap   total 145408K, used 51748K [0x00000000b0800000, 0x0000000100000000)
  region size 1024K, 4 young (4096K), 4 survivors (4096K)
 Metaspace       used 64896K, capacity 67705K, committed 67980K, reserved 1107968K
  class space    used 8802K, capacity 10013K, committed 10044K, reserved 1048576K
}
Event: 24.498 GC heap before
{Heap before GC invocations=22 (full 0):
 garbage-first heap   total 145408K, used 107044K [0x00000000b0800000, 0x0000000100000000)
  region size 1024K, 58 young (59392K), 4 survivors (4096K)
 Metaspace       used 64965K, capacity 67793K, committed 67980K, reserved 1107968K
  class space    used 8808K, capacity 10019K, committed 10044K, reserved 1048576K
}
Event: 24.522 GC heap after
{Heap after GC invocations=23 (full 0):
 garbage-first heap   total 145408K, used 52316K [0x00000000b0800000, 0x0000000100000000)
  region size 1024K, 4 young (4096K), 4 survivors (4096K)
 Metaspace       used 64965K, capacity 67793K, committed 67980K, reserved 1107968K
  class space    used 8808K, capacity 10019K, committed 10044K, reserved 1048576K
}
Event: 24.691 GC heap before
{Heap before GC invocations=23 (full 0):
 garbage-first heap   total 145408K, used 111708K [0x00000000b0800000, 0x0000000100000000)
  region size 1024K, 63 young (64512K), 4 survivors (4096K)
 Metaspace       used 65364K, capacity 68245K, committed 68364K, reserved 1107968K
  class space    used 8891K, capacity 10106K, committed 10172K, reserved 1048576K
}
Event: 24.711 GC heap after
{Heap after GC invocations=24 (full 0):
 garbage-first heap   total 145408K, used 53106K [0x00000000b0800000, 0x0000000100000000)
  region size 1024K, 5 young (5120K), 5 survivors (5120K)
 Metaspace       used 65364K, capacity 68245K, committed 68364K, reserved 1107968K
  class space    used 8891K, capacity 10106K, committed 10172K, reserved 1048576K
}
Event: 27.320 GC heap before
{Heap before GC invocations=24 (full 0):
 garbage-first heap   total 145408K, used 113522K [0x00000000b0800000, 0x0000000100000000)
  region size 1024K, 65 young (66560K), 5 survivors (5120K)
 Metaspace       used 66967K, capacity 69960K, committed 70156K, reserved 1110016K
  class space    used 9045K, capacity 10349K, committed 10428K, reserved 1048576K
}
Event: 27.352 GC heap after
{Heap after GC invocations=25 (full 0):
 garbage-first heap   total 145408K, used 56978K [0x00000000b0800000, 0x0000000100000000)
  region size 1024K, 9 young (9216K), 9 survivors (9216K)
 Metaspace       used 66967K, capacity 69960K, committed 70156K, reserved 1110016K
  class space    used 9045K, capacity 10349K, committed 10428K, reserved 1048576K
}
Event: 31.580 GC heap before
{Heap before GC invocations=25 (full 0):
 garbage-first heap   total 145408K, used 117394K [0x00000000b0800000, 0x0000000100000000)
  region size 1024K, 68 young (69632K), 9 survivors (9216K)
 Metaspace       used 68186K, capacity 71284K, committed 71564K, reserved 1110016K
  class space    used 9114K, capacity 10473K, committed 10556K, reserved 1048576K
}
Event: 31.621 GC heap after
{Heap after GC invocations=26 (full 0):
 garbage-first heap   total 201728K, used 59327K [0x00000000b0800000, 0x0000000100000000)
  region size 1024K, 7 young (7168K), 7 survivors (7168K)
 Metaspace       used 68186K, capacity 71284K, committed 71564K, reserved 1110016K
  class space    used 9114K, capacity 10473K, committed 10556K, reserved 1048576K
}

