# JRE version: OpenJDK Runtime Environment (11.0.2+9) (build 11.0.2+9)
# Java VM: OpenJDK 64-Bit Server VM (11.0.2+9, mixed mode, tiered, compressed oops, g1 gc, windows-amd64)
Heap:
 garbage-first heap   total 248832K, used 191750K [0x00000000b0800000, 0x0000000100000000)
  region size 1024K, 116 young (118784K), 1 survivors (1024K)
 Metaspace       used 79356K, capacity 84215K, committed 85316K, reserved 1122304K
  class space    used 9683K, capacity 11574K, committed 12108K, reserved 1048576K
GC Heap History (10 events):
Event: 16466.061 GC heap before
{Heap before GC invocations=527 (full 0):
 garbage-first heap   total 248832K, used 193689K [0x00000000b0800000, 0x0000000100000000)
  region size 1024K, 117 young (119808K), 7 survivors (7168K)
 Metaspace       used 79348K, capacity 84215K, committed 85316K, reserved 1122304K
  class space    used 9683K, capacity 11574K, committed 12108K, reserved 1048576K
}
Event: 16466.093 GC heap after
{Heap after GC invocations=528 (full 0):
 garbage-first heap   total 248832K, used 89139K [0x00000000b0800000, 0x0000000100000000)
  region size 1024K, 13 young (13312K), 13 survivors (13312K)
 Metaspace       used 79348K, capacity 84215K, committed 85316K, reserved 1122304K
  class space    used 9683K, capacity 11574K, committed 12108K, reserved 1048576K
}
Event: 16516.898 GC heap before
{Heap before GC invocations=528 (full 0):
 garbage-first heap   total 248832K, used 194611K [0x00000000b0800000, 0x0000000100000000)
  region size 1024K, 116 young (118784K), 13 survivors (13312K)
 Metaspace       used 79354K, capacity 84215K, committed 85316K, reserved 1122304K
  class space    used 9683K, capacity 11574K, committed 12108K, reserved 1048576K
}
Event: 16516.939 GC heap after
{Heap after GC invocations=529 (full 0):
 garbage-first heap   total 248832K, used 86885K [0x00000000b0800000, 0x0000000100000000)
  region size 1024K, 6 young (6144K), 6 survivors (6144K)
 Metaspace       used 79354K, capacity 84215K, committed 85316K, reserved 1122304K
  class space    used 9683K, capacity 11574K, committed 12108K, reserved 1048576K
}
Event: 16522.458 GC heap before
{Heap before GC invocations=529 (full 0):
 garbage-first heap   total 248832K, used 197477K [0x00000000b0800000, 0x0000000100000000)
  region size 1024K, 114 young (116736K), 6 survivors (6144K)
 Metaspace       used 79354K, capacity 84215K, committed 85316K, reserved 1122304K
  class space    used 9683K, capacity 11574K, committed 12108K, reserved 1048576K
}
Event: 16522.472 GC heap after
{Heap after GC invocations=530 (full 0):
 garbage-first heap   total 248832K, used 86924K [0x00000000b0800000, 0x0000000100000000)
  region size 1024K, 6 young (6144K), 6 survivors (6144K)
 Metaspace       used 79354K, capacity 84215K, committed 85316K, reserved 1122304K
  class space    used 9683K, capacity 11574K, committed 12108K, reserved 1048576K
}
Event: 16534.964 GC heap before
{Heap before GC invocations=531 (full 0):
 garbage-first heap   total 248832K, used 200588K [0x00000000b0800000, 0x0000000100000000)
  region size 1024K, 117 young (119808K), 6 survivors (6144K)
 Metaspace       used 79355K, capacity 84215K, committed 85316K, reserved 1122304K
  class space    used 9683K, capacity 11574K, committed 12108K, reserved 1048576K
}
Event: 16534.984 GC heap after
{Heap after GC invocations=532 (full 0):
 garbage-first heap   total 248832K, used 90331K [0x00000000b0800000, 0x0000000100000000)
  region size 1024K, 9 young (9216K), 9 survivors (9216K)
 Metaspace       used 79355K, capacity 84215K, committed 85316K, reserved 1122304K
  class space    used 9683K, capacity 11574K, committed 12108K, reserved 1048576K
}
Event: 16535.034 GC heap before
{Heap before GC invocations=532 (full 0):
 garbage-first heap   total 248832K, used 93403K [0x00000000b0800000, 0x0000000100000000)
  region size 1024K, 12 young (12288K), 9 survivors (9216K)
 Metaspace       used 79355K, capacity 84215K, committed 85316K, reserved 1122304K
  class space    used 9683K, capacity 11574K, committed 12108K, reserved 1048576K
}
Event: 16535.073 GC heap after
{Heap after GC invocations=533 (full 0):
 garbage-first heap   total 248832K, used 75014K [0x00000000b0800000, 0x0000000100000000)
  region size 1024K, 1 young (1024K), 1 survivors (1024K)
 Metaspace       used 79355K, capacity 84215K, committed 85316K, reserved 1122304K
  class space    used 9683K, capacity 11574K, committed 12108K, reserved 1048576K
}

